\BOOKMARK [-1][]{ctitle.-1}{\376\377\124\014\155\116\131\047\133\146\133\146\117\115\213\272\145\207\000\040\000L\000a\000T\000e\000X\000\040\152\041\147\177\117\177\165\050\171\072\117\213\213\364\146\016\116\016\123\302\200\003}{}% 1
\BOOKMARK [0][]{tongjichapter.1.0}{\376\377\144\130\211\201}{ctitle.-1}% 2
\BOOKMARK [0][]{tongjichapter.2.0}{\376\377\000A\000B\000S\000T\000R\000A\000C\000T}{ctitle.-1}% 3
\BOOKMARK [0][]{tongjichapter.3.0}{\376\377\166\356\137\125}{ctitle.-1}% 4
\BOOKMARK [0][]{section*.8}{\376\377\116\073\211\201\173\046\123\367\133\371\161\147\210\150}{ctitle.-1}% 5
\BOOKMARK [0][]{section*.10}{\376\377\143\322\126\376\175\042\137\025}{ctitle.-1}% 6
\BOOKMARK [0][]{section*.12}{\376\377\210\150\150\074\175\042\137\025}{ctitle.-1}% 7
\BOOKMARK [0][]{chapter.1}{\376\377\173\054\0001\172\340\000\040\137\025\212\000}{ctitle.-1}% 8
\BOOKMARK [1][-]{section.1.1}{\376\377\0001\000.\0001\000\040\000U\000N\000I\000X\000\040\123\206\123\362}{chapter.1}% 9
\BOOKMARK [1][-]{section.1.2}{\376\377\0001\000.\0002\000\040\000U\000N\000I\000X\000\040\133\266\214\061}{chapter.1}% 10
\BOOKMARK [1][-]{section.1.3}{\376\377\0001\000.\0003\000\040\210\150\150\074\150\067\147\054}{chapter.1}% 11
\BOOKMARK [2][-]{subsection.1.3.1}{\376\377\0001\000.\0003\000.\0001\000\040\127\372\147\054\210\150\150\074}{section.1.3}% 12
\BOOKMARK [2][-]{subsection.1.3.2}{\376\377\0001\000.\0003\000.\0002\000\040\210\150\150\074\116\013\145\271\150\007\154\350\145\160\143\156\147\145\156\220}{section.1.3}% 13
\BOOKMARK [2][-]{subsection.1.3.3}{\376\377\0001\000.\0003\000.\0003\000\040\155\156\122\250\117\123\166\204\136\166\143\222\145\076\177\156}{section.1.3}% 14
\BOOKMARK [2][-]{subsection.1.3.4}{\376\377\0001\000.\0003\000.\0004\000\040\227\136\136\070\131\015\147\102\227\136\136\070\157\002\116\256\166\204\210\150\150\074}{section.1.3}% 15
\BOOKMARK [2][-]{subsection.1.3.5}{\376\377\0001\000.\0003\000.\0005\000\040\176\355\210\150\000\040\377\032\210\150\150\074\225\177\136\246\215\205\217\307\116\000\230\165}{section.1.3}% 16
\BOOKMARK [2][-]{subsection.1.3.6}{\376\377\0001\000.\0003\000.\0006\000\040\213\276\177\156\153\317\122\027\166\204\133\371\237\120\150\074\137\017\116\345\123\312\133\275\136\246}{section.1.3}% 17
\BOOKMARK [2][-]{subsection.1.3.7}{\376\377\0001\000.\0003\000.\0007\000\040\210\150\150\074\121\205\220\350\166\204\143\142\210\114}{section.1.3}% 18
\BOOKMARK [2][-]{subsection.1.3.8}{\376\377\0001\000.\0003\000.\0008\000\040\121\166\133\203}{section.1.3}% 19
\BOOKMARK [1][-]{section.1.4}{\376\377\0001\000.\0004\000\040\133\232\164\006\163\257\130\203}{chapter.1}% 20
\BOOKMARK [1][-]{section.1.5}{\376\377\0001\000.\0005\000\040\123\302\200\003\145\207\163\056}{chapter.1}% 21
\BOOKMARK [1][-]{section.1.6}{\376\377\0001\000.\0006\000\040\121\154\137\017}{chapter.1}% 22
\BOOKMARK [1][-]{section.1.7}{\376\377\0001\000.\0007\000\040\170\064\142\230\123\367}{chapter.1}% 23
\BOOKMARK [0][]{chapter.2}{\376\377\173\054\0002\172\340\000\040\116\055\123\116\116\272\154\021\121\161\124\214\126\375}{ctitle.-1}% 24
\BOOKMARK [1][-]{section.2.1}{\376\377\0002\000.\0001\000\040\126\376\166\204\117\213\133\120}{chapter.2}% 25
\BOOKMARK [2][-]{subsection.2.1.1}{\376\377\0002\000.\0001\000.\0001\000\040\176\330\126\376}{section.2.1}% 26
\BOOKMARK [2][-]{subsection.2.1.2}{\376\377\0002\000.\0001\000.\0002\000\040\143\322\126\376}{section.2.1}% 27
\BOOKMARK [2][-]{subsection.2.1.3}{\376\377\0002\000.\0001\000.\0003\000\040\116\000\116\052\126\376\137\142}{section.2.1}% 28
\BOOKMARK [2][-]{subsection.2.1.4}{\376\377\0002\000.\0001\000.\0004\000\040\173\200\123\125\133\120\126\376}{section.2.1}% 29
\BOOKMARK [2][-]{subsection.2.1.5}{\376\377\0002\000.\0001\000.\0005\000\040\131\015\147\102\133\120\126\376\211\201\154\350\141\017\220\156\143\041}{section.2.1}% 30
\BOOKMARK [2][-]{subsection.2.1.6}{\376\377\0002\000.\0001\000.\0006\000\040\131\032\116\052\126\376\137\142\162\354\172\313}{section.2.1}% 31
\BOOKMARK [2][-]{subsection.2.1.7}{\376\377\0002\000.\0001\000.\0007\000\040\143\322\126\376\131\047\123\237\122\031}{section.2.1}% 32
\BOOKMARK [1][-]{section.2.2}{\376\377\0002\000.\0002\000\040\143\322\121\145\000p\000d\000f\150\074\137\017\126\376\162\107\166\204\225\356\230\230}{chapter.2}% 33
\BOOKMARK [0][]{section*.31}{\376\377\201\364\214\042}{ctitle.-1}% 34
\BOOKMARK [0][]{appendix.A}{\376\377\226\104\137\125\000\040\000A\000\040\131\026\145\207\215\104\145\231\123\237\145\207}{ctitle.-1}% 35
\BOOKMARK [1][-]{section.A.1}{\376\377\000A\000.\0001\000\040\000S\000i\000n\000g\000l\000e\000-\000O\000b\000j\000e\000c\000t\000i\000v\000e\000\040\000P\000r\000o\000g\000r\000a\000m\000m\000i\000n\000g}{appendix.A}% 36
\BOOKMARK [2][-]{subsection.A.1.1}{\376\377\000A\000.\0001\000.\0001\000\040\000L\000i\000n\000e\000a\000r\000\040\000P\000r\000o\000g\000r\000a\000m\000m\000i\000n\000g}{section.A.1}% 37
\BOOKMARK [2][-]{subsection.A.1.2}{\376\377\000A\000.\0001\000.\0002\000\040\000N\000o\000n\000l\000i\000n\000e\000a\000r\000\040\000P\000r\000o\000g\000r\000a\000m\000m\000i\000n\000g}{section.A.1}% 38
\BOOKMARK [2][-]{subsection.A.1.3}{\376\377\000A\000.\0001\000.\0003\000\040\000I\000n\000t\000e\000g\000e\000r\000\040\000P\000r\000o\000g\000r\000a\000m\000m\000i\000n\000g}{section.A.1}% 39
\BOOKMARK [0][]{appendix.B}{\376\377\226\104\137\125\000\040\000B\000\040\131\026\145\207\215\104\145\231\166\204\214\003\170\024\226\005\213\373\142\245\124\112\142\026\116\146\227\142\177\373\213\321}{ctitle.-1}% 40
\BOOKMARK [1][-]{section.B.1}{\376\377\000B\000.\0001\000\040\123\125\166\356\150\007\211\304\122\022}{appendix.B}% 41
\BOOKMARK [2][-]{subsection.B.1.1}{\376\377\000B\000.\0001\000.\0001\000\040\176\277\140\047\211\304\122\022}{section.B.1}% 42
\BOOKMARK [2][-]{subsection.B.1.2}{\376\377\000B\000.\0001\000.\0002\000\040\227\136\176\277\140\047\211\304\122\022}{section.B.1}% 43
\BOOKMARK [2][-]{subsection.B.1.3}{\376\377\000B\000.\0001\000.\0003\000\040\145\164\145\160\211\304\122\022}{section.B.1}% 44
\BOOKMARK [0][]{appendix.C}{\376\377\226\104\137\125\000\040\000C\000\040\121\166\133\203\226\104\137\125}{ctitle.-1}% 45
\BOOKMARK [0][]{section*.41}{\376\377\116\052\116\272\173\200\123\206\060\001\127\050\133\146\147\037\225\364\123\321\210\150\166\204\133\146\147\057\213\272\145\207\116\016\170\024\172\166\142\020\147\234}{ctitle.-1}% 46
