\BOOKMARK [-1][]{ctitle.-1}{\376\377\127\372\116\216\000M\000A\000T\000L\000A\000B\166\204\166\364\176\277\116\000\176\247\120\022\172\313\144\106\143\247\122\066\174\373\176\337\166\204\213\276\213\241}{}% 1
\BOOKMARK [0][]{tongjichapter.1.0}{\376\377\144\130\211\201}{ctitle.-1}% 2
\BOOKMARK [0][]{tongjichapter.2.0}{\376\377\000A\000B\000S\000T\000R\000A\000C\000T}{ctitle.-1}% 3
\BOOKMARK [0][]{tongjichapter.3.0}{\376\377\166\356\137\125}{ctitle.-1}% 4
\BOOKMARK [0][]{chapter.1}{\376\377\173\054\0001\172\340\000\040\173\200\116\313}{ctitle.-1}% 5
\BOOKMARK [0][]{chapter.2}{\376\377\173\054\0002\172\340\000\040\122\115\147\037\121\306\131\007\116\016\166\370\121\163\135\345\117\134}{ctitle.-1}% 6
\BOOKMARK [1][-]{section.2.1}{\376\377\0002\000.\0001\000\040\122\115\147\037\121\306\131\007}{chapter.2}% 7
\BOOKMARK [2][-]{subsection.2.1.1}{\376\377\0002\000.\0001\000.\0001\000\040\000L\000Q\000R\377\010\176\277\140\047\116\214\153\041\127\213\214\003\202\202\126\150\377\011}{section.2.1}% 8
\BOOKMARK [2][-]{subsection.2.1.2}{\376\377\0002\000.\0001\000.\0002\000\040\152\041\174\312\143\247\122\066}{section.2.1}% 9
\BOOKMARK [2][-]{subsection.2.1.3}{\376\377\0002\000.\0001\000.\0003\000\040\171\136\176\317\177\121\176\334}{section.2.1}% 10
\BOOKMARK [2][-]{subsection.2.1.4}{\376\377\0002\000.\0001\000.\0004\000\040\000P\000I\000D\143\247\122\066}{section.2.1}% 11
\BOOKMARK [1][-]{section.2.2}{\376\377\0002\000.\0002\000\040\230\230\166\356\145\160\143\156}{chapter.2}% 12
\BOOKMARK [0][]{chapter.3}{\376\377\173\054\0003\172\340\000\040\162\151\164\006\152\041\127\213\166\204\136\372\172\313\124\214\162\266\140\001\172\172\225\364\121\154\137\017\166\204\143\250\133\374}{ctitle.-1}% 13
\BOOKMARK [1][-]{section.3.1}{\376\377\0003\000.\0001\000\040\152\041\127\213\120\107\213\276\116\016\122\006\147\220}{chapter.3}% 14
\BOOKMARK [2][-]{subsection.3.1.1}{\376\377\0003\000.\0001\000.\0001\000\040\123\327\122\233\122\006\147\220}{section.3.1}% 15
\BOOKMARK [2][-]{subsection.3.1.2}{\376\377\0003\000.\0001\000.\0002\000\040\117\040\220\022\121\375\145\160\154\102\211\343}{section.3.1}% 16
\BOOKMARK [1][-]{section.3.2}{\376\377\0003\000.\0002\000\040\162\266\140\001\172\172\225\364\154\102\211\343}{chapter.3}% 17
\BOOKMARK [0][]{chapter.4}{\376\377\173\054\0004\172\340\000\040\165\050\000P\000I\000D\173\227\154\325\150\041\153\143\166\364\176\277\116\000\176\247\120\022\172\313\144\106\174\373\176\337}{ctitle.-1}% 18
\BOOKMARK [1][-]{section.4.1}{\376\377\0004\000.\0001\000\040\000P\000I\000D\143\247\122\066\122\006\147\220}{chapter.4}% 19
\BOOKMARK [2][-]{subsection.4.1.1}{\376\377\0004\000.\0001\000.\0001\000\040\000P\000I\000D\116\313\176\315}{section.4.1}% 20
\BOOKMARK [2][-]{subsection.4.1.2}{\376\377\0004\000.\0001\000.\0002\000\040\000P\000I\000D\143\247\122\066\126\150\123\237\164\006\140\047\143\250\133\374}{section.4.1}% 21
\BOOKMARK [1][-]{section.4.2}{\376\377\0004\000.\0002\000\040\133\236\232\214\122\006\147\220}{chapter.4}% 22
\BOOKMARK [0][]{chapter.5}{\376\377\173\054\0005\172\340\000\040\000L\000Q\000R\176\277\140\047\116\214\153\041\127\213\214\003\202\202\126\150}{ctitle.-1}% 23
\BOOKMARK [1][-]{section.5.1}{\376\377\0005\000.\0001\000\040\000L\000Q\000R\116\313\176\315}{chapter.5}% 24
\BOOKMARK [1][-]{section.5.2}{\376\377\0005\000.\0002\000\040\000L\000Q\000R\143\247\122\066\126\150\123\237\164\006\140\047\143\250\133\374}{chapter.5}% 25
\BOOKMARK [1][-]{section.5.3}{\376\377\0005\000.\0003\000\040\000L\000Q\000R\166\204\174\373\176\337\200\375\143\247\140\047\124\214\200\375\211\302\140\047\122\006\147\220}{chapter.5}% 26
\BOOKMARK [1][-]{section.5.4}{\376\377\0005\000.\0004\000\040\134\017\217\146\174\373\176\337\147\103\221\315\166\204\220\011\123\326\116\345\123\312\200\375\143\247\140\047\200\375\211\302\140\047\122\006\147\220}{chapter.5}% 27
\BOOKMARK [1][-]{section.5.5}{\376\377\0005\000.\0005\000\040\134\017\217\146\120\022\172\313\144\106\116\377\167\037}{chapter.5}% 28
\BOOKMARK [2][-]{subsection.5.5.1}{\376\377\0005\000.\0005\000.\0001\000\040\117\356\145\071\147\103\221\315\122\006\147\220\153\324\217\203}{section.5.5}% 29
\BOOKMARK [0][]{chapter.6}{\376\377\173\054\0006\172\340\000\040\152\041\174\312\143\247\122\066\214\003\202\202\126\150}{ctitle.-1}% 30
\BOOKMARK [1][-]{section.6.1}{\376\377\0006\000.\0001\000\040\152\041\174\312\143\247\122\066\116\313\176\315}{chapter.6}% 31
\BOOKMARK [1][-]{section.6.2}{\376\377\0006\000.\0002\000\040\152\041\174\312\143\247\122\066\123\237\164\006}{chapter.6}% 32
\BOOKMARK [2][-]{subsection.6.2.1}{\376\377\0006\000.\0002\000.\0001\000\040\221\317\123\026\126\340\133\120}{section.6.2}% 33
\BOOKMARK [2][-]{subsection.6.2.2}{\376\377\0006\000.\0002\000.\0002\000\040\153\324\117\213\126\340\133\120}{section.6.2}% 34
\BOOKMARK [2][-]{subsection.6.2.3}{\376\377\0006\000.\0002\000.\0003\000\040\152\041\174\312\123\026}{section.6.2}% 35
\BOOKMARK [2][-]{subsection.6.2.4}{\376\377\0006\000.\0002\000.\0004\000\040\167\345\213\306\136\223}{section.6.2}% 36
\BOOKMARK [2][-]{subsection.6.2.5}{\376\377\0006\000.\0002\000.\0005\000\040\143\250\164\006\147\072}{section.6.2}% 37
\BOOKMARK [2][-]{subsection.6.2.6}{\376\377\0006\000.\0002\000.\0006\000\040\211\343\152\041\174\312}{section.6.2}% 38
\BOOKMARK [1][-]{section.6.3}{\376\377\0006\000.\0003\000\040\213\276\213\241}{chapter.6}% 39
\BOOKMARK [1][-]{section.6.4}{\376\377\0006\000.\0004\000\040\116\377\167\037\176\323\147\234\122\006\147\220}{chapter.6}% 40
\BOOKMARK [2][-]{subsection.6.4.1}{\376\377\0006\000.\0004\000.\0001\000\040\127\050\145\340\136\162\142\160\166\204\140\305\121\265\116\013\116\305\143\247\122\066\211\322\136\246}{section.6.4}% 41
\BOOKMARK [2][-]{subsection.6.4.2}{\376\377\0006\000.\0004\000.\0002\000\040\127\050\147\011\136\162\142\160\166\204\140\305\121\265\116\013\116\305\143\247\122\066\211\322\136\246}{section.6.4}% 42
\BOOKMARK [2][-]{subsection.6.4.3}{\376\377\0006\000.\0004\000.\0003\000\040\127\050\145\340\136\162\142\160\166\204\140\305\121\265\116\013\124\014\145\366\143\247\122\066\211\322\136\246\116\016\117\115\171\373}{section.6.4}% 43
\BOOKMARK [2][-]{subsection.6.4.4}{\376\377\0006\000.\0004\000.\0004\000\040\127\050\147\011\136\162\142\160\166\204\140\305\121\265\116\013\124\014\145\366\143\247\122\066\211\322\136\246\116\016\117\115\171\373}{section.6.4}% 44
\BOOKMARK [2][-]{subsection.6.4.5}{\376\377\0006\000.\0004\000.\0005\000\040\127\050\147\011\136\162\142\160\166\204\140\305\121\265\116\013\124\014\145\366\143\247\122\066\211\322\136\246\116\016\117\115\171\373\040\023\117\356\153\143\124\016\166\204\143\247\122\066\145\271\154\325}{section.6.4}% 45
\BOOKMARK [0][]{chapter.7}{\376\377\173\054\0007\172\340\000\040\213\276\213\241\176\317\232\214\116\016\137\303\137\227\117\123\117\032}{ctitle.-1}% 46
\BOOKMARK [1][-]{section.7.1}{\376\377\0007\000.\0001\000\040\213\276\213\241\176\317\232\214}{chapter.7}% 47
\BOOKMARK [1][-]{section.7.2}{\376\377\0007\000.\0002\000\040\137\303\137\227\117\123\117\032}{chapter.7}% 48
\BOOKMARK [0][]{section*.39}{\376\377\201\364\214\042}{ctitle.-1}% 49
\BOOKMARK [1][-]{chapter*.40}{\376\377\123\302\200\003\145\207\163\056}{section*.39}% 50
\BOOKMARK [0][]{appendix.A}{\376\377\226\104\137\125\000\040\000A\000\040\000L\000Q\000R\127\050\000m\000a\000t\000l\000a\000b\116\055\166\204\116\343\170\001}{ctitle.-1}% 51
