\BOOKMARK [-1][]{ctitle.-1}{\376\377\127\372\116\216\000M\000A\000T\000L\000A\000B\166\204\166\364\176\277\116\000\176\247\120\022\172\313\144\106\143\247\122\066\174\373\176\337\166\204\213\276\213\241}{}% 1
\BOOKMARK [0][]{tongjichapter.1.0}{\376\377\144\130\211\201}{ctitle.-1}% 2
\BOOKMARK [0][]{tongjichapter.2.0}{\376\377\000A\000B\000S\000T\000R\000A\000C\000T}{ctitle.-1}% 3
\BOOKMARK [0][]{tongjichapter.3.0}{\376\377\166\356\137\125}{ctitle.-1}% 4
\BOOKMARK [0][]{section*.8}{\376\377\116\073\211\201\173\046\123\367\133\371\161\147\210\150}{ctitle.-1}% 5
\BOOKMARK [0][]{section*.10}{\376\377\143\322\126\376\175\042\137\025}{ctitle.-1}% 6
\BOOKMARK [0][]{section*.12}{\376\377\210\150\150\074\175\042\137\025}{ctitle.-1}% 7
\BOOKMARK [0][]{chapter.1}{\376\377\173\054\0001\172\340\000\040\137\025\212\000}{ctitle.-1}% 8
\BOOKMARK [0][]{chapter.2}{\376\377\173\054\0002\172\340\000\040\122\115\147\037\121\306\131\007\116\016\166\370\121\163\135\345\117\134}{ctitle.-1}% 9
\BOOKMARK [1][-]{section.2.1}{\376\377\0002\000.\0001\000\040\122\115\147\037\121\306\131\007}{chapter.2}% 10
\BOOKMARK [2][-]{subsection.2.1.1}{\376\377\0002\000.\0001\000.\0001\000\040\000L\000Q\000R\377\010\176\277\140\047\116\214\153\041\127\213\214\003\202\202\126\150\377\011}{section.2.1}% 11
\BOOKMARK [2][-]{subsection.2.1.2}{\376\377\0002\000.\0001\000.\0002\000\040\152\041\174\312\143\247\122\066}{section.2.1}% 12
\BOOKMARK [2][-]{subsection.2.1.3}{\376\377\0002\000.\0001\000.\0003\000\040\171\136\176\317\177\121\176\334}{section.2.1}% 13
\BOOKMARK [2][-]{subsection.2.1.4}{\376\377\0002\000.\0001\000.\0004\000\040\000P\000I\000D\143\247\122\066}{section.2.1}% 14
\BOOKMARK [1][-]{section.2.2}{\376\377\0002\000.\0002\000\040\230\230\166\356\145\160\143\156}{chapter.2}% 15
\BOOKMARK [0][]{chapter.3}{\376\377\173\054\0003\172\340\000\040\162\151\164\006\152\041\127\213\166\204\136\372\172\313\124\214\162\266\140\001\172\172\225\364\121\154\137\017\166\204\143\250\133\374}{ctitle.-1}% 16
\BOOKMARK [1][-]{section.3.1}{\376\377\0003\000.\0001\000\040\152\041\127\213\120\107\213\276\116\016\122\006\147\220}{chapter.3}% 17
\BOOKMARK [2][-]{subsection.3.1.1}{\376\377\0003\000.\0001\000.\0001\000\040\123\327\122\233\122\006\147\220}{section.3.1}% 18
\BOOKMARK [2][-]{subsection.3.1.2}{\376\377\0003\000.\0001\000.\0002\000\040\122\240\220\037\136\246\122\006\147\220}{section.3.1}% 19
\BOOKMARK [2][-]{subsection.3.1.3}{\376\377\0003\000.\0001\000.\0003\000\040\117\040\220\022\121\375\145\160\154\102\211\343}{section.3.1}% 20
\BOOKMARK [1][-]{section.3.2}{\376\377\0003\000.\0002\000\040\162\266\140\001\172\172\225\364\154\102\211\343}{chapter.3}% 21
\BOOKMARK [0][]{chapter.4}{\376\377\173\054\0004\172\340\000\040\165\050\000P\000I\000D\173\227\154\325\150\041\153\143\166\364\176\277\116\000\176\247\120\022\172\313\144\106\174\373\176\337}{ctitle.-1}% 22
\BOOKMARK [1][-]{section.4.1}{\376\377\0004\000.\0001\000\040\000P\000I\000D\143\247\122\066\122\006\147\220}{chapter.4}% 23
\BOOKMARK [2][-]{subsection.4.1.1}{\376\377\0004\000.\0001\000.\0001\000\040\000P\000I\000D\116\313\176\315}{section.4.1}% 24
\BOOKMARK [2][-]{subsection.4.1.2}{\376\377\0004\000.\0001\000.\0002\000\040\000P\000I\000D\143\247\122\066\126\150\123\237\164\006\140\047\143\250\133\374}{section.4.1}% 25
\BOOKMARK [1][-]{section.4.2}{\376\377\0004\000.\0002\000\040\133\236\232\214\122\006\147\220}{chapter.4}% 26
\BOOKMARK [0][]{chapter.5}{\376\377\173\054\0005\172\340\000\040\000L\000Q\000R\176\277\140\047\116\214\153\041\127\213\214\003\202\202\126\150}{ctitle.-1}% 27
\BOOKMARK [1][-]{section.5.1}{\376\377\0005\000.\0001\000\040\000L\000Q\000R\116\313\176\315}{chapter.5}% 28
\BOOKMARK [1][-]{section.5.2}{\376\377\0005\000.\0002\000\040\000L\000Q\000R\143\247\122\066\126\150\123\237\164\006\140\047\143\250\133\374\116\016\122\006\147\220}{chapter.5}% 29
\BOOKMARK [2][-]{subsection.5.2.1}{\376\377\0005\000.\0002\000.\0001\000\040\000L\000Q\000R\143\247\122\066\126\150\123\237\164\006\140\047\143\250\133\374}{section.5.2}% 30
\BOOKMARK [2][-]{subsection.5.2.2}{\376\377\0005\000.\0002\000.\0002\000\040\000L\000Q\000R\166\204\174\373\176\337\200\375\143\247\140\047\124\214\200\375\211\302\140\047\122\006\147\220}{section.5.2}% 31
\BOOKMARK [2][-]{subsection.5.2.3}{\376\377\0005\000.\0002\000.\0003\000\040\134\017\217\146\174\373\176\337\147\103\221\315\166\204\220\011\123\326\116\345\123\312\200\375\143\247\140\047\200\375\211\302\140\047\122\006\147\220}{section.5.2}% 32
\BOOKMARK [2][-]{subsection.5.2.4}{\376\377\0005\000.\0002\000.\0004\000\040\134\017\217\146\120\022\172\313\144\106\116\377\167\037}{section.5.2}% 33
\BOOKMARK [2][-]{subsection.5.2.5}{\376\377\0005\000.\0002\000.\0005\000\040\117\356\145\071\147\103\221\315\122\006\147\220\153\324\217\203}{section.5.2}% 34
\BOOKMARK [0][]{section*.25}{\376\377\201\364\214\042}{ctitle.-1}% 35
\BOOKMARK [0][]{appendix.A}{\376\377\226\104\137\125\000\040\000A\000\040\131\026\145\207\215\104\145\231\123\237\145\207}{ctitle.-1}% 36
\BOOKMARK [1][-]{section.A.1}{\376\377\000A\000.\0001\000\040\000S\000i\000n\000g\000l\000e\000-\000O\000b\000j\000e\000c\000t\000i\000v\000e\000\040\000P\000r\000o\000g\000r\000a\000m\000m\000i\000n\000g}{appendix.A}% 37
\BOOKMARK [2][-]{subsection.A.1.1}{\376\377\000A\000.\0001\000.\0001\000\040\000L\000i\000n\000e\000a\000r\000\040\000P\000r\000o\000g\000r\000a\000m\000m\000i\000n\000g}{section.A.1}% 38
\BOOKMARK [2][-]{subsection.A.1.2}{\376\377\000A\000.\0001\000.\0002\000\040\000N\000o\000n\000l\000i\000n\000e\000a\000r\000\040\000P\000r\000o\000g\000r\000a\000m\000m\000i\000n\000g}{section.A.1}% 39
\BOOKMARK [2][-]{subsection.A.1.3}{\376\377\000A\000.\0001\000.\0003\000\040\000I\000n\000t\000e\000g\000e\000r\000\040\000P\000r\000o\000g\000r\000a\000m\000m\000i\000n\000g}{section.A.1}% 40
\BOOKMARK [0][]{appendix.B}{\376\377\226\104\137\125\000\040\000B\000\040\131\026\145\207\215\104\145\231\166\204\214\003\170\024\226\005\213\373\142\245\124\112\142\026\116\146\227\142\177\373\213\321}{ctitle.-1}% 41
\BOOKMARK [1][-]{section.B.1}{\376\377\000B\000.\0001\000\040\123\125\166\356\150\007\211\304\122\022}{appendix.B}% 42
\BOOKMARK [2][-]{subsection.B.1.1}{\376\377\000B\000.\0001\000.\0001\000\040\176\277\140\047\211\304\122\022}{section.B.1}% 43
\BOOKMARK [2][-]{subsection.B.1.2}{\376\377\000B\000.\0001\000.\0002\000\040\227\136\176\277\140\047\211\304\122\022}{section.B.1}% 44
\BOOKMARK [2][-]{subsection.B.1.3}{\376\377\000B\000.\0001\000.\0003\000\040\145\164\145\160\211\304\122\022}{section.B.1}% 45
\BOOKMARK [0][]{appendix.C}{\376\377\226\104\137\125\000\040\000C\000\040\121\166\133\203\226\104\137\125}{ctitle.-1}% 46
\BOOKMARK [0][]{section*.35}{\376\377\116\052\116\272\173\200\123\206\060\001\127\050\133\146\147\037\225\364\123\321\210\150\166\204\133\146\147\057\213\272\145\207\116\016\170\024\172\166\142\020\147\234}{ctitle.-1}% 47
